2
95
162
41
97
65
136
36
38
99
25
5
109
42
139
13
20
125
77
53
10
119
28
84
74
82
11
133
52
122
48
137
70
58
64
135
90
106
40
124
118
149
120
73
54
89
147
33
108
93
102
103
68
143
67
71
26
44
141
111
30
132
94
47
129
105
63
57
151
96
78
43
49
128
88
114
46
66
61
55
123
100
80
157
75
72
130
69
116
86
115
146
81
104
121
107
87
127
92
131
112
101
110
158
138
91
152
165
159
153
156
154
126
161
160
148
155
144
113
145
142
83
150
134
163
117
140
164
98
170
76
60
85
62
56
79
166
50
51
59
167
172
34
45
35
37
24
23
32
19
171
29
