111
2
35
37
9
36
173
5
38
116
179
177
112
14
34
15
110
43
175
42
39
174
120
200
56
57
50
45
181
188
194
178
49
186
55
47
185
59
187
109
46
58
143
131
54
148
151
133
189
142
195
52
135
184
136
145
114
115
139
51
117
199
146
183
191
129
182
150
134
190
196
140
197
180
192
113
97
86
87
171
166
125
118
93
80
176
124
132
152
119
193
160
130
102
198
157
159
170
98
99
153
137
92
161
147
128
101
106
100
158
138
127
154
103
144
96
168
164
126
149
141
95
88
155
162
122
123
163
169
172
165
167
121
156
107
105
104
94
91
85
90
89
81
82
84
78
83
76
75
74
79
77
70
68
108
72
66
65
71
64
69
62
61
67
63
60
53
48
41
44
40
73
25
32
31
30
20
27
19
24
33
22
23
16
29
21
11
28
18
26
13
7
17
4
1
6
8
12
10
3
