188
110
142
71
198
181
143
197
74
151
87
55
186
115
177
132
169
145
182
97
199
140
117
76
113
51
130
146
126
72
123
60
66
187
200
119
100
133
98
105
175
144
68
92
149
164
170
73
180
154
129
93
107
185
173
174
112
127
156
162
91
61
54
128
184
196
67
108
84
168
85
189
157
104
190
80
192
118
57
116
165
141
96
114
48
166
160
103
111
94
78
161
172
83
102
65
88
171
46
153
152
150
148
109
95
194
56
183
79
176
49
178
64
191
138
45
159
136
59
70
163
86
99
52
135
158
53
77
125
89
193
195
167
122
81
139
82
44
134
69
15
43
75
121
26
106
50
34
131
47
124
12
101
3
18
37
14
30
19
35
42
31
17
10
8
5
36
137
33
6
41
22
11
27
40
32
25
21
147
38
4
155
24
120
2
13
23
7
28
39
63
90
58
20
1
9
62
29
16
179
